<?xml version="1.0" encoding="UTF-8"?>
<testng-results ignored="2" total="3" passed="1" failed="0" skipped="0">
  <reporter-output>
  </reporter-output>
  <suite started-at="2022-04-13T10:07:38 GST" name="Suite" finished-at="2022-04-13T10:08:01 GST" duration-ms="23425">
    <groups>
    </groups>
    <test started-at="2022-04-13T10:07:38 GST" name="Test" finished-at="2022-04-13T10:08:01 GST" duration-ms="23425">
      <class name="com.tcs.scripts.TCCFLogin">
        <test-method is-config="true" signature="onSetup(java.lang.String)[pri:0, instance:com.tcs.scripts.TCCFLogin@33bc72d1]" started-at="2022-04-13T10:07:38 GST" name="onSetup" finished-at="2022-04-13T10:07:52 GST" duration-ms="13920" status="PASS">
          <params>
            <param index="0">
              <value>
                <![CDATA[chrome]]>
              </value>
            </param>
          </params>
          <reporter-output>
          </reporter-output>
        </test-method> <!-- onSetup -->
        <test-method signature="verifyValidLogin()[pri:1, instance:com.tcs.scripts.TCCFLogin@33bc72d1]" started-at="2022-04-13T10:07:52 GST" name="verifyValidLogin" finished-at="2022-04-13T10:08:01 GST" duration-ms="9416" status="PASS">
          <reporter-output>
          </reporter-output>
        </test-method> <!-- verifyValidLogin -->
        <test-method is-config="true" signature="tearDown(org.testng.ITestResult)[pri:0, instance:com.tcs.scripts.TCCFLogin@33bc72d1]" started-at="2022-04-13T10:08:01 GST" name="tearDown" finished-at="2022-04-13T10:08:01 GST" duration-ms="2" status="PASS">
          <params>
            <param index="0">
              <value>
                <![CDATA[[TestResult name=verifyValidLogin status=SUCCESS method=TCCFLogin.verifyValidLogin()[pri:1, instance:com.tcs.scripts.TCCFLogin@33bc72d1] output={null}]]]>
              </value>
            </param>
          </params>
          <reporter-output>
          </reporter-output>
        </test-method> <!-- tearDown -->
        <test-method is-config="true" signature="quitBrowser()[pri:0, instance:com.tcs.scripts.TCCFLogin@33bc72d1]" started-at="2022-04-13T10:08:01 GST" name="quitBrowser" finished-at="2022-04-13T10:08:01 GST" duration-ms="0" status="PASS">
          <reporter-output>
          </reporter-output>
        </test-method> <!-- quitBrowser -->
      </class> <!-- com.tcs.scripts.TCCFLogin -->
    </test> <!-- Test -->
  </suite> <!-- Suite -->
</testng-results>
