<?xml version="1.0" encoding="UTF-8"?>
<!-- Generated by org.testng.reporters.JUnitXMLReporter -->
<testsuite ignored="2" hostname="LAPTOP-178S0KEF" failures="0" tests="1" name="Test" time="23.425" errors="0" timestamp="2022-04-13T10:08:01 GST">
  <testcase classname="com.tcs.scripts.TCCFLogin" name="verifyValidLogin" time="9.416"/>
  <testcase classname="com.tcs.scripts.TestBase" name="@AfterTest quitBrowser" time="0.0">
    <ignored/>
  </testcase> <!-- @AfterTest quitBrowser -->
  <testcase classname="com.tcs.scripts.TestBase" name="@BeforeTest onSetup" time="0.0">
    <ignored/>
  </testcase> <!-- @BeforeTest onSetup -->
</testsuite> <!-- Test -->
